26-May-2023 11:07:10.319 INFO [main] org.apache.jasper.servlet.TldScanner.scanJars At least one JAR was scanned for TLDs yet contained no TLDs.
26-May-2023 11:07:10.323 INFO [main] org.apache.catalina.startup.HostConfig.deployDirectory Deployment of web application directory [\libs\server\server\tomcat\webapps\sw-style] has finished in [341] ms.
26-May-2023 11:07:10.330 INFO [main] org.apache.coyote.AbstractProtocol.start Starting ProtocolHandler ["http-nio-8080"].
26-May-2023 11:07:10.374 INFO [main] org.apache.catalina.startup.Catalina.start Server startup in [57702] milliseconds.
26-May-2023 11:07:10.376 SEVERE [main] org.apache.catalina.core.StandardServer.await Failed to create server shutdown socket on address [localhost] and port [8005].

	java.net.BindException: Address already in use: NET_Bind
		at java.base/java.net.PlainSocketImpl.bind0(Native Method)
		at java.base/java.net.PlainSocketImpl.socketBind(PlainSocketImpl.java:132)
		at java.base/java.net.AbstractPlainSocketImpl.bind(AbstractPlainSocketImpl.java:452)
		at java.base/java.net.ServerSocket.bind(ServerSocket.java:395)
		at org.apache.catalina.core.StandardServer.await(StandardServer.java:580)
		at org.apache.catalina.startup.Catalina.await(Catalina.java:864)
		at org.apache.catalina.startup.Catalina.start(Catalina.java:810)

26-May-2023 11:07:10.378 INFO [main] org.apache.coyote.AbstractProtocol.pause Pausing ProtocolHandler ["http-nio-8080"].
26-May-2023 11:07:10.573 INFO [main] org.apache.catalina.core.StandardService.stopInternal Stopping service [Catalina].
26-May-2023 11:07:11.611 INFO [FelixShutdown] orgcaching.impl.PentahoCacheManagerFactory$RegistrationHandler$2.onSuccess Caching Service was shutdown.
26-May-2023 11:07:12.164 WARNING [main] org.apache.catalina.loader.WebappClassLoaderBase.clearReferencesJdbc The web application [pentaho] registered the JDBC driver [org.h2.Driver] but failed to unregister it when the web application was stopped. 
26-May-2023 11:07:12.165 WARNING [main] org.apache.catalina.loader.WebappClassLoaderBase.clearReferencesJdbc The web application [pentaho] registered the JDBC driver [nl.cwi.monetdb.jdbc.MonetDriver] but failed to unregister it when the web application was stopped. 
26-May-2023 11:07:12.171 WARNING [main] org.apache.catalina.loader.WebappClassLoaderBase.clearReferencesThreads The web application [pentaho] appears to have started a thread named [Tomcat JDBC Pool Cleaner] but has failed to stop it.

	java.base@11.0.19/java.lang.Object.wait(Native Method)
	java.base@11.0.19/java.util.TimerThread.mainLoop(Timer.java:553)
	java.base@11.0.19/java.util.TimerThread.run(Timer.java:506)

26-May-2023 11:07:12.172 WARNING [main] org.apache.catalina.loader.WebappClassLoaderBase.clearReferencesThreads The web application [pentaho] appears to have started a thread named [HSQLDB Timer] but has failed to stop it.

	java.base@11.0.19/java.lang.Object.wait(Native Method)
	org.hsqldb.lib.HsqlTimer$TaskQueue.park(Unknown Source)
	org.hsqldb.lib.HsqlTimer.nextTask(Unknown Source)
	org.hsqldb.lib.HsqlTimer$TaskRunner.run(Unknown Source)
	java.base@11.0.19/java.lang.Thread.run(Thread.java:829)

26-May-2023 11:07:12.177 WARNING [main] org.apache.catalina.loader.WebappClassLoaderBase.clearReferencesThreads The web application [pentaho] appears to have started a thread named [FelixResolver] but has failed to stop it.
26-May-2023 11:07:12.179 WARNING [main] org.apache.catalina.loader.WebappClassLoaderBase.clearReferencesThreads The web application [pentaho] appears to have started a thread named [FelixResolver-1] but has failed to stop it.
26-May-2023 11:07:12.180 WARNING [main] org.apache.catalina.loader.WebappClassLoaderBase.clearReferencesThreads The web application [pentaho] appears to have started a thread named [FelixResolver-2] but has failed to stop it.

	java.base@11.0.19/jdk.internal.misc.Unsafe.park(Native Method)
	java.base@11.0.19/java.util.concurrent.locks.LockSupport.parkNanos(LockSupport.java:234)
	java.base@11.0.19/java.util.concurrent.locks.AbstractQueuedSynchronizer$ConditionObject.awaitNanos(AbstractQueuedSynchronizer.java:2123)
	java.base@11.0.19/java.util.concurrent.LinkedBlockingQueue.poll(LinkedBlockingQueue.java:458)

26-May-2023 11:07:12.184 DEBUG [worker] com.example.MyService.processData Data processing started successfully.
26-May-2023 11:07:12.185 ERROR [worker] com.example.MyService.processData Failed to process data for record ID 12345. 

	java.lang.NullPointerException: Cannot invoke "com.example.DataRecord.getId()" because "record" is null
		at com.example.MyService.processData(MyService.java:102)
		at com.example.MyService.run(MyService.java:84)
		at java.base/java.util.concurrent.ThreadPoolExecutor.runWorker(ThreadPoolExecutor.java:1128)
		at java.base/java.util.concurrent.ThreadPoolExecutor$Worker.run(ThreadPoolExecutor.java:628)
		at java.base/java.lang.Thread.run(Thread.java:834)

26-May-2023 11:07:12.186 INFO [worker] com.example.MyService.run Retrying data processing for record ID 12345.
26-May-2023 11:07:12.189 TRACE [worker] com.example.MyService.run Attempting connection to database.
26-May-2023 11:07:12.192 INFO [worker] com.example.MyService.run Connection established successfully.
26-May-2023 11:07:12.194 DEBUG [worker] com.example.MyService.processData Data processing completed successfully for record ID 12345.
26-May-2023 11:07:12.195 INFO [main] com.example.Application.shutdown Application shutdown initiated.
26-May-2023 11:07:12.197 DEBUG [main] com.example.Application.cleanup Cleanup started.
26-May-2023 11:07:12.199 INFO [main] com.example.Application.shutdown Application shutdown completed.
